app/build/intermediates/manifest_merge_blame_file/debug/manifest-merger-blame-debug-report.txt
1<?xml version="1.0" encoding="utf-8"?>
2<manifest xmlns:android="http://schemas.android.com/apk/res/android"
3    package="com.rendly.app"
4    android:versionCode="1"
5    android:versionName="1.0.0" >
6
7    <uses-sdk
8        android:minSdkVersion="26"
9        android:targetSdkVersion="34" />
10
11    <!-- Permissions -->
12    <uses-permission android:name="android.permission.INTERNET" />
12-->src\main\AndroidManifest.xml:6:5-67
12-->src\main\AndroidManifest.xml:6:22-64
13    <uses-permission android:name="android.permission.ACCESS_NETWORK_STATE" />
13-->src\main\AndroidManifest.xml:7:5-79
13-->src\main\AndroidManifest.xml:7:22-76
14    <uses-permission
14-->src\main\AndroidManifest.xml:8:5-9:38
15        android:name="android.permission.WRITE_EXTERNAL_STORAGE"
15-->src\main\AndroidManifest.xml:8:22-78
16        android:maxSdkVersion="28" />
16-->src\main\AndroidManifest.xml:9:9-35
17    <uses-permission
17-->src\main\AndroidManifest.xml:10:5-11:38
18        android:name="android.permission.READ_EXTERNAL_STORAGE"
18-->src\main\AndroidManifest.xml:10:22-77
19        android:maxSdkVersion="32" />
19-->src\main\AndroidManifest.xml:11:9-35
20    <uses-permission android:name="android.permission.READ_MEDIA_IMAGES" />
20-->src\main\AndroidManifest.xml:12:5-76
20-->src\main\AndroidManifest.xml:12:22-73
21    <uses-permission android:name="android.permission.READ_MEDIA_VIDEO" />
21-->src\main\AndroidManifest.xml:13:5-75
21-->src\main\AndroidManifest.xml:13:22-72
22    <uses-permission android:name="android.permission.CAMERA" />
22-->src\main\AndroidManifest.xml:14:5-65
22-->src\main\AndroidManifest.xml:14:22-62
23    <uses-permission android:name="android.permission.RECORD_AUDIO" />
23-->src\main\AndroidManifest.xml:15:5-71
23-->src\main\AndroidManifest.xml:15:22-68
24    <uses-permission android:name="android.permission.VIBRATE" />
24-->src\main\AndroidManifest.xml:16:5-66
24-->src\main\AndroidManifest.xml:16:22-63
25    <uses-permission android:name="android.permission.POST_NOTIFICATIONS" />
25-->src\main\AndroidManifest.xml:17:5-77
25-->src\main\AndroidManifest.xml:17:22-74
26
27    <!-- Location permissions for GPS -->
28    <uses-permission android:name="android.permission.ACCESS_FINE_LOCATION" />
28-->src\main\AndroidManifest.xml:20:5-79
28-->src\main\AndroidManifest.xml:20:22-76
29    <uses-permission android:name="android.permission.ACCESS_COARSE_LOCATION" />
29-->src\main\AndroidManifest.xml:21:5-81
29-->src\main\AndroidManifest.xml:21:22-78
30
31    <!-- Biometric Authentication -->
32    <uses-permission android:name="android.permission.USE_BIOMETRIC" />
32-->src\main\AndroidManifest.xml:24:5-72
32-->src\main\AndroidManifest.xml:24:22-69
33    <uses-permission android:name="android.permission.USE_FINGERPRINT" />
33-->src\main\AndroidManifest.xml:25:5-74
33-->src\main\AndroidManifest.xml:25:22-71
34
35    <uses-feature
35-->src\main\AndroidManifest.xml:27:5-85
36        android:name="android.hardware.camera"
36-->src\main\AndroidManifest.xml:27:19-57
37        android:required="false" />
37-->src\main\AndroidManifest.xml:27:58-82
38    <uses-feature
38-->src\main\AndroidManifest.xml:28:5-90
39        android:name="android.hardware.fingerprint"
39-->src\main\AndroidManifest.xml:28:19-62
40        android:required="false" />
40-->src\main\AndroidManifest.xml:28:63-87
41    <uses-feature
41-->src\main\AndroidManifest.xml:29:5-95
42        android:name="android.hardware.camera.autofocus"
42-->src\main\AndroidManifest.xml:29:19-67
43        android:required="false" />
43-->src\main\AndroidManifest.xml:29:68-92
44    <uses-feature
44-->src\main\AndroidManifest.xml:30:5-91
45        android:name="android.hardware.location.gps"
45-->src\main\AndroidManifest.xml:30:19-63
46        android:required="false" />
46-->src\main\AndroidManifest.xml:30:64-88
47
48    <uses-permission android:name="android.permission.WAKE_LOCK" /> <!-- Required by older versions of Google Play services to create IID tokens -->
48-->[com.google.firebase:firebase-messaging:23.4.0] AndroidManifest.xml:24:5-68
48-->[com.google.firebase:firebase-messaging:23.4.0] AndroidManifest.xml:24:22-65
49    <uses-permission android:name="com.google.android.c2dm.permission.RECEIVE" />
49-->[com.google.firebase:firebase-messaging:23.4.0] AndroidManifest.xml:26:5-82
49-->[com.google.firebase:firebase-messaging:23.4.0] AndroidManifest.xml:26:22-79
50    <uses-permission android:name="com.google.android.gms.permission.AD_ID" />
50-->[com.google.android.gms:play-services-measurement-api:21.5.0] AndroidManifest.xml:25:5-79
50-->[com.google.android.gms:play-services-measurement-api:21.5.0] AndroidManifest.xml:25:22-76
51    <uses-permission android:name="android.permission.ACCESS_ADSERVICES_ATTRIBUTION" />
51-->[com.google.android.gms:play-services-measurement-api:21.5.0] AndroidManifest.xml:26:5-88
51-->[com.google.android.gms:play-services-measurement-api:21.5.0] AndroidManifest.xml:26:22-85
52    <uses-permission android:name="android.permission.ACCESS_ADSERVICES_AD_ID" />
52-->[com.google.android.gms:play-services-measurement-api:21.5.0] AndroidManifest.xml:27:5-82
52-->[com.google.android.gms:play-services-measurement-api:21.5.0] AndroidManifest.xml:27:22-79
53    <uses-permission android:name="android.permission.RECEIVE_BOOT_COMPLETED" />
53-->[androidx.work:work-runtime:2.9.0] AndroidManifest.xml:25:5-81
53-->[androidx.work:work-runtime:2.9.0] AndroidManifest.xml:25:22-78
54    <uses-permission android:name="android.permission.FOREGROUND_SERVICE" />
54-->[androidx.work:work-runtime:2.9.0] AndroidManifest.xml:26:5-77
54-->[androidx.work:work-runtime:2.9.0] AndroidManifest.xml:26:22-74
55    <uses-permission android:name="com.google.android.finsky.permission.BIND_GET_INSTALL_REFERRER_SERVICE" />
55-->[com.google.android.gms:play-services-measurement:21.5.0] AndroidManifest.xml:26:5-110
55-->[com.google.android.gms:play-services-measurement:21.5.0] AndroidManifest.xml:26:22-107
56
57    <permission
57-->[androidx.core:core:1.12.0] AndroidManifest.xml:22:5-24:47
58        android:name="com.rendly.app.DYNAMIC_RECEIVER_NOT_EXPORTED_PERMISSION"
58-->[androidx.core:core:1.12.0] AndroidManifest.xml:23:9-81
59        android:protectionLevel="signature" />
59-->[androidx.core:core:1.12.0] AndroidManifest.xml:24:9-44
60
61    <uses-permission android:name="com.rendly.app.DYNAMIC_RECEIVER_NOT_EXPORTED_PERMISSION" />
61-->[androidx.core:core:1.12.0] AndroidManifest.xml:26:5-97
61-->[androidx.core:core:1.12.0] AndroidManifest.xml:26:22-94
62
63    <application
63-->src\main\AndroidManifest.xml:32:5-163:19
64        android:name="com.rendly.app.MerqoraApplication"
64-->src\main\AndroidManifest.xml:33:9-43
65        android:allowBackup="true"
65-->src\main\AndroidManifest.xml:35:9-35
66        android:appComponentFactory="androidx.core.app.CoreComponentFactory"
66-->[androidx.core:core:1.12.0] AndroidManifest.xml:28:18-86
67        android:dataExtractionRules="@xml/data_extraction_rules"
67-->src\main\AndroidManifest.xml:36:9-65
68        android:debuggable="true"
69        android:extractNativeLibs="false"
70        android:fullBackupContent="@xml/backup_rules"
70-->src\main\AndroidManifest.xml:37:9-54
71        android:hardwareAccelerated="true"
71-->src\main\AndroidManifest.xml:43:9-43
72        android:icon="@mipmap/ic_launcher"
72-->src\main\AndroidManifest.xml:38:9-43
73        android:label="@string/app_name"
73-->src\main\AndroidManifest.xml:40:9-41
74        android:largeHeap="true"
74-->src\main\AndroidManifest.xml:44:9-33
75        android:roundIcon="@mipmap/ic_launcher_round"
75-->src\main\AndroidManifest.xml:39:9-54
76        android:supportsRtl="true"
76-->src\main\AndroidManifest.xml:41:9-35
77        android:theme="@style/Theme.Merqora"
77-->src\main\AndroidManifest.xml:42:9-45
78        android:usesCleartextTraffic="true" >
78-->src\main\AndroidManifest.xml:34:9-44
79
80        <!--
81             ═══════════════════════════════════════════════════════════════════
82             APP STARTUP LIBRARY - Disable auto-init ContentProviders
83             These ContentProviders add ~300-500ms to cold start
84             ═══════════════════════════════════════════════════════════════════
85        -->
86
87
88        <!-- Disable WorkManager auto-initialization -->
89        <provider
90            android:name="androidx.startup.InitializationProvider"
90-->src\main\AndroidManifest.xml:54:13-67
91            android:authorities="com.rendly.app.androidx-startup"
91-->src\main\AndroidManifest.xml:55:13-68
92            android:exported="false" >
92-->src\main\AndroidManifest.xml:56:13-37
93
94            <!-- Custom initializers disabled - adding overhead in debug builds -->
95            <!-- TODO: Re-enable for release builds after signing setup -->
96            <!--
97            <meta-data
98                android:name="com.rendly.app.startup.DeferredInitializer"
99                android:value="androidx.startup" />
100            -->
101            <meta-data
101-->[io.github.jan-tennert.supabase:storage-kt-android-debug:2.0.4] AndroidManifest.xml:14:13-16:52
102                android:name="io.github.jan.supabase.storage.SupabaseInitializer"
102-->[io.github.jan-tennert.supabase:storage-kt-android-debug:2.0.4] AndroidManifest.xml:15:17-82
103                android:value="androidx.startup" />
103-->[io.github.jan-tennert.supabase:storage-kt-android-debug:2.0.4] AndroidManifest.xml:16:17-49
104            <meta-data
104-->[io.github.jan-tennert.supabase:gotrue-kt-android-debug:2.0.4] AndroidManifest.xml:14:13-16:52
105                android:name="io.github.jan.supabase.gotrue.SupabaseInitializer"
105-->[io.github.jan-tennert.supabase:gotrue-kt-android-debug:2.0.4] AndroidManifest.xml:15:17-81
106                android:value="androidx.startup" />
106-->[io.github.jan-tennert.supabase:gotrue-kt-android-debug:2.0.4] AndroidManifest.xml:16:17-49
107            <meta-data
107-->[androidx.emoji2:emoji2:1.4.0] AndroidManifest.xml:29:13-31:52
108                android:name="androidx.emoji2.text.EmojiCompatInitializer"
108-->[androidx.emoji2:emoji2:1.4.0] AndroidManifest.xml:30:17-75
109                android:value="androidx.startup" />
109-->[androidx.emoji2:emoji2:1.4.0] AndroidManifest.xml:31:17-49
110            <meta-data
110-->[androidx.lifecycle:lifecycle-process:2.7.0] AndroidManifest.xml:29:13-31:52
111                android:name="androidx.lifecycle.ProcessLifecycleInitializer"
111-->[androidx.lifecycle:lifecycle-process:2.7.0] AndroidManifest.xml:30:17-78
112                android:value="androidx.startup" />
112-->[androidx.lifecycle:lifecycle-process:2.7.0] AndroidManifest.xml:31:17-49
113            <meta-data
113-->[androidx.profileinstaller:profileinstaller:1.3.1] AndroidManifest.xml:29:13-31:52
114                android:name="androidx.profileinstaller.ProfileInstallerInitializer"
114-->[androidx.profileinstaller:profileinstaller:1.3.1] AndroidManifest.xml:30:17-85
115                android:value="androidx.startup" />
115-->[androidx.profileinstaller:profileinstaller:1.3.1] AndroidManifest.xml:31:17-49
116            <meta-data
116-->[com.russhwolf:multiplatform-settings-no-arg-android-debug:1.1.1] AndroidManifest.xml:29:13-31:52
117                android:name="com.russhwolf.settings.SettingsInitializer"
117-->[com.russhwolf:multiplatform-settings-no-arg-android-debug:1.1.1] AndroidManifest.xml:30:17-74
118                android:value="androidx.startup" />
118-->[com.russhwolf:multiplatform-settings-no-arg-android-debug:1.1.1] AndroidManifest.xml:31:17-49
119        </provider>
120
121        <!-- FileProvider for sharing files (PDFs, etc.) -->
122        <provider
123            android:name="androidx.core.content.FileProvider"
123-->src\main\AndroidManifest.xml:88:13-62
124            android:authorities="com.rendly.app.provider"
124-->src\main\AndroidManifest.xml:89:13-60
125            android:exported="false"
125-->src\main\AndroidManifest.xml:90:13-37
126            android:grantUriPermissions="true" >
126-->src\main\AndroidManifest.xml:91:13-47
127            <meta-data
127-->src\main\AndroidManifest.xml:92:13-94:54
128                android:name="android.support.FILE_PROVIDER_PATHS"
128-->src\main\AndroidManifest.xml:93:17-67
129                android:resource="@xml/file_paths" />
129-->src\main\AndroidManifest.xml:94:17-51
130        </provider>
131
132        <!-- Splash Screen Activity -->
133        <activity
133-->src\main\AndroidManifest.xml:98:9-124:20
134            android:name="com.rendly.app.MainActivity"
134-->src\main\AndroidManifest.xml:99:13-41
135            android:exported="true"
135-->src\main\AndroidManifest.xml:100:13-36
136            android:launchMode="singleTask"
136-->src\main\AndroidManifest.xml:104:13-44
137            android:screenOrientation="portrait"
137-->src\main\AndroidManifest.xml:103:13-49
138            android:theme="@style/Theme.Merqora"
138-->src\main\AndroidManifest.xml:101:13-49
139            android:windowSoftInputMode="adjustResize" >
139-->src\main\AndroidManifest.xml:102:13-55
140            <intent-filter>
140-->src\main\AndroidManifest.xml:106:13-109:29
141                <action android:name="android.intent.action.MAIN" />
141-->src\main\AndroidManifest.xml:107:17-69
141-->src\main\AndroidManifest.xml:107:25-66
142
143                <category android:name="android.intent.category.LAUNCHER" />
143-->src\main\AndroidManifest.xml:108:17-77
143-->src\main\AndroidManifest.xml:108:27-74
144            </intent-filter>
145
146            <!--
147                 ═══════════════════════════════════════════════════════════════════
148                 MERCADO PAGO DEEP LINKS - Retorno después del pago
149                 Maneja: merqora://payment/success, merqora://payment/failure, merqora://payment/pending
150                 ═══════════════════════════════════════════════════════════════════
151            -->
152            <intent-filter android:autoVerify="true" >
152-->src\main\AndroidManifest.xml:115:13-123:29
152-->src\main\AndroidManifest.xml:115:28-53
153                <action android:name="android.intent.action.VIEW" />
153-->src\main\AndroidManifest.xml:116:17-69
153-->src\main\AndroidManifest.xml:116:25-66
154
155                <category android:name="android.intent.category.DEFAULT" />
155-->src\main\AndroidManifest.xml:117:17-76
155-->src\main\AndroidManifest.xml:117:27-73
156                <category android:name="android.intent.category.BROWSABLE" />
156-->src\main\AndroidManifest.xml:118:17-78
156-->src\main\AndroidManifest.xml:118:27-75
157                <!-- Deep link scheme: merqora://payment/* -->
158                <data
158-->src\main\AndroidManifest.xml:120:17-122:46
159                    android:host="payment"
159-->src\main\AndroidManifest.xml:122:21-43
160                    android:scheme="merqora" />
160-->src\main\AndroidManifest.xml:121:21-45
161            </intent-filter>
162        </activity>
163
164        <!--
165             ═══════════════════════════════════════════════════════════════════
166             MERCADO PAGO CHECKOUT ACTIVITY
167             Activity dedicada para el flujo de pago nativo con SDK de MP
168             ═══════════════════════════════════════════════════════════════════
169        -->
170        <activity
170-->src\main\AndroidManifest.xml:130:9-135:56
171            android:name="com.rendly.app.ui.screens.checkout.MercadoPagoCheckoutActivity"
171-->src\main\AndroidManifest.xml:131:13-76
172            android:exported="false"
172-->src\main\AndroidManifest.xml:132:13-37
173            android:screenOrientation="portrait"
173-->src\main\AndroidManifest.xml:134:13-49
174            android:theme="@style/Theme.Merqora" />
174-->src\main\AndroidManifest.xml:133:13-49
175
176        <!--
177             ═══════════════════════════════════════════════════════════════════
178             FIREBASE CLOUD MESSAGING SERVICE
179             Recibe notificaciones push incluso con la app cerrada
180             ═══════════════════════════════════════════════════════════════════
181        -->
182        <service
182-->src\main\AndroidManifest.xml:141:9-147:19
183            android:name="com.rendly.app.service.MerqoraFirebaseMessagingService"
183-->src\main\AndroidManifest.xml:142:13-68
184            android:exported="false" >
184-->src\main\AndroidManifest.xml:143:13-37
185            <intent-filter>
185-->src\main\AndroidManifest.xml:144:13-146:29
186                <action android:name="com.google.firebase.MESSAGING_EVENT" />
186-->src\main\AndroidManifest.xml:145:17-78
186-->src\main\AndroidManifest.xml:145:25-75
187            </intent-filter>
188        </service>
189
190        <!-- FCM Default Notification Channel -->
191        <meta-data
191-->src\main\AndroidManifest.xml:150:9-152:48
192            android:name="com.google.firebase.messaging.default_notification_channel_id"
192-->src\main\AndroidManifest.xml:151:13-89
193            android:value="merqora_messages" />
193-->src\main\AndroidManifest.xml:152:13-45
194
195        <!-- FCM Default Notification Icon -->
196        <meta-data
196-->src\main\AndroidManifest.xml:155:9-157:56
197            android:name="com.google.firebase.messaging.default_notification_icon"
197-->src\main\AndroidManifest.xml:156:13-83
198            android:resource="@drawable/ic_launcher" />
198-->src\main\AndroidManifest.xml:157:13-53
199
200        <!-- FCM Default Notification Color -->
201        <meta-data
201-->src\main\AndroidManifest.xml:160:9-162:52
202            android:name="com.google.firebase.messaging.default_notification_color"
202-->src\main\AndroidManifest.xml:161:13-84
203            android:resource="@color/purple_500" />
203-->src\main\AndroidManifest.xml:162:13-49
204
205        <service
205-->[com.google.android.gms:play-services-mlkit-barcode-scanning:18.3.0] AndroidManifest.xml:9:9-15:19
206            android:name="com.google.mlkit.common.internal.MlKitComponentDiscoveryService"
206-->[com.google.android.gms:play-services-mlkit-barcode-scanning:18.3.0] AndroidManifest.xml:10:13-91
207            android:directBootAware="true"
207-->[com.google.mlkit:common:18.9.0] AndroidManifest.xml:17:13-43
208            android:exported="false" >
208-->[com.google.android.gms:play-services-mlkit-barcode-scanning:18.3.0] AndroidManifest.xml:11:13-37
209            <meta-data
209-->[com.google.android.gms:play-services-mlkit-barcode-scanning:18.3.0] AndroidManifest.xml:12:13-14:85
210                android:name="com.google.firebase.components:com.google.mlkit.vision.barcode.internal.BarcodeRegistrar"
210-->[com.google.android.gms:play-services-mlkit-barcode-scanning:18.3.0] AndroidManifest.xml:13:17-120
211                android:value="com.google.firebase.components.ComponentRegistrar" />
211-->[com.google.android.gms:play-services-mlkit-barcode-scanning:18.3.0] AndroidManifest.xml:14:17-82
212            <meta-data
212-->[com.google.mlkit:vision-common:17.3.0] AndroidManifest.xml:12:13-14:85
213                android:name="com.google.firebase.components:com.google.mlkit.vision.common.internal.VisionCommonRegistrar"
213-->[com.google.mlkit:vision-common:17.3.0] AndroidManifest.xml:13:17-124
214                android:value="com.google.firebase.components.ComponentRegistrar" />
214-->[com.google.mlkit:vision-common:17.3.0] AndroidManifest.xml:14:17-82
215            <meta-data
215-->[com.google.mlkit:common:18.9.0] AndroidManifest.xml:20:13-22:85
216                android:name="com.google.firebase.components:com.google.mlkit.common.internal.CommonComponentRegistrar"
216-->[com.google.mlkit:common:18.9.0] AndroidManifest.xml:21:17-120
217                android:value="com.google.firebase.components.ComponentRegistrar" />
217-->[com.google.mlkit:common:18.9.0] AndroidManifest.xml:22:17-82
218        </service>
219
220        <provider
220-->[com.google.mlkit:common:18.9.0] AndroidManifest.xml:9:9-13:38
221            android:name="com.google.mlkit.common.internal.MlKitInitProvider"
221-->[com.google.mlkit:common:18.9.0] AndroidManifest.xml:10:13-78
222            android:authorities="com.rendly.app.mlkitinitprovider"
222-->[com.google.mlkit:common:18.9.0] AndroidManifest.xml:11:13-69
223            android:exported="false"
223-->[com.google.mlkit:common:18.9.0] AndroidManifest.xml:12:13-37
224            android:initOrder="99" />
224-->[com.google.mlkit:common:18.9.0] AndroidManifest.xml:13:13-35
225
226        <service
226-->[com.google.firebase:firebase-messaging-ktx:23.4.0] AndroidManifest.xml:23:9-29:19
227            android:name="com.google.firebase.components.ComponentDiscoveryService"
227-->[com.google.firebase:firebase-messaging-ktx:23.4.0] AndroidManifest.xml:24:13-84
228            android:directBootAware="true"
228-->[com.google.firebase:firebase-common:20.4.2] AndroidManifest.xml:32:13-43
229            android:exported="false" >
229-->[com.google.firebase:firebase-messaging-ktx:23.4.0] AndroidManifest.xml:25:13-37
230            <meta-data
230-->[com.google.firebase:firebase-messaging-ktx:23.4.0] AndroidManifest.xml:26:13-28:85
231                android:name="com.google.firebase.components:com.google.firebase.messaging.ktx.FirebaseMessagingLegacyRegistrar"
231-->[com.google.firebase:firebase-messaging-ktx:23.4.0] AndroidManifest.xml:27:17-129
232                android:value="com.google.firebase.components.ComponentRegistrar" />
232-->[com.google.firebase:firebase-messaging-ktx:23.4.0] AndroidManifest.xml:28:17-82
233            <meta-data
233-->[com.google.firebase:firebase-messaging:23.4.0] AndroidManifest.xml:57:13-59:85
234                android:name="com.google.firebase.components:com.google.firebase.messaging.FirebaseMessagingKtxRegistrar"
234-->[com.google.firebase:firebase-messaging:23.4.0] AndroidManifest.xml:58:17-122
235                android:value="com.google.firebase.components.ComponentRegistrar" />
235-->[com.google.firebase:firebase-messaging:23.4.0] AndroidManifest.xml:59:17-82
236            <meta-data
236-->[com.google.firebase:firebase-messaging:23.4.0] AndroidManifest.xml:60:13-62:85
237                android:name="com.google.firebase.components:com.google.firebase.messaging.FirebaseMessagingRegistrar"
237-->[com.google.firebase:firebase-messaging:23.4.0] AndroidManifest.xml:61:17-119
238                android:value="com.google.firebase.components.ComponentRegistrar" />
238-->[com.google.firebase:firebase-messaging:23.4.0] AndroidManifest.xml:62:17-82
239            <meta-data
239-->[com.google.firebase:firebase-analytics-ktx:21.5.0] AndroidManifest.xml:11:13-13:85
240                android:name="com.google.firebase.components:com.google.firebase.analytics.ktx.FirebaseAnalyticsLegacyRegistrar"
240-->[com.google.firebase:firebase-analytics-ktx:21.5.0] AndroidManifest.xml:12:17-129
241                android:value="com.google.firebase.components.ComponentRegistrar" />
241-->[com.google.firebase:firebase-analytics-ktx:21.5.0] AndroidManifest.xml:13:17-82
242            <meta-data
242-->[com.google.android.gms:play-services-measurement-api:21.5.0] AndroidManifest.xml:37:13-39:85
243                android:name="com.google.firebase.components:com.google.firebase.analytics.connector.internal.AnalyticsConnectorRegistrar"
243-->[com.google.android.gms:play-services-measurement-api:21.5.0] AndroidManifest.xml:38:17-139
244                android:value="com.google.firebase.components.ComponentRegistrar" />
244-->[com.google.android.gms:play-services-measurement-api:21.5.0] AndroidManifest.xml:39:17-82
245            <meta-data
245-->[com.google.firebase:firebase-installations:17.2.0] AndroidManifest.xml:15:13-17:85
246                android:name="com.google.firebase.components:com.google.firebase.installations.FirebaseInstallationsKtxRegistrar"
246-->[com.google.firebase:firebase-installations:17.2.0] AndroidManifest.xml:16:17-130
247                android:value="com.google.firebase.components.ComponentRegistrar" />
247-->[com.google.firebase:firebase-installations:17.2.0] AndroidManifest.xml:17:17-82
248            <meta-data
248-->[com.google.firebase:firebase-installations:17.2.0] AndroidManifest.xml:18:13-20:85
249                android:name="com.google.firebase.components:com.google.firebase.installations.FirebaseInstallationsRegistrar"
249-->[com.google.firebase:firebase-installations:17.2.0] AndroidManifest.xml:19:17-127
250                android:value="com.google.firebase.components.ComponentRegistrar" />
250-->[com.google.firebase:firebase-installations:17.2.0] AndroidManifest.xml:20:17-82
251            <meta-data
251-->[com.google.firebase:firebase-common-ktx:20.4.2] AndroidManifest.xml:12:13-14:85
252                android:name="com.google.firebase.components:com.google.firebase.ktx.FirebaseCommonLegacyRegistrar"
252-->[com.google.firebase:firebase-common-ktx:20.4.2] AndroidManifest.xml:13:17-116
253                android:value="com.google.firebase.components.ComponentRegistrar" />
253-->[com.google.firebase:firebase-common-ktx:20.4.2] AndroidManifest.xml:14:17-82
254            <meta-data
254-->[com.google.firebase:firebase-common:20.4.2] AndroidManifest.xml:35:13-37:85
255                android:name="com.google.firebase.components:com.google.firebase.FirebaseCommonKtxRegistrar"
255-->[com.google.firebase:firebase-common:20.4.2] AndroidManifest.xml:36:17-109
256                android:value="com.google.firebase.components.ComponentRegistrar" />
256-->[com.google.firebase:firebase-common:20.4.2] AndroidManifest.xml:37:17-82
257            <meta-data
257-->[com.google.firebase:firebase-datatransport:18.1.7] AndroidManifest.xml:27:13-29:85
258                android:name="com.google.firebase.components:com.google.firebase.datatransport.TransportRegistrar"
258-->[com.google.firebase:firebase-datatransport:18.1.7] AndroidManifest.xml:28:17-115
259                android:value="com.google.firebase.components.ComponentRegistrar" />
259-->[com.google.firebase:firebase-datatransport:18.1.7] AndroidManifest.xml:29:17-82
260        </service>
261
262        <receiver
262-->[com.google.firebase:firebase-messaging:23.4.0] AndroidManifest.xml:29:9-40:20
263            android:name="com.google.firebase.iid.FirebaseInstanceIdReceiver"
263-->[com.google.firebase:firebase-messaging:23.4.0] AndroidManifest.xml:30:13-78
264            android:exported="true"
264-->[com.google.firebase:firebase-messaging:23.4.0] AndroidManifest.xml:31:13-36
265            android:permission="com.google.android.c2dm.permission.SEND" >
265-->[com.google.firebase:firebase-messaging:23.4.0] AndroidManifest.xml:32:13-73
266            <intent-filter>
266-->[com.google.firebase:firebase-messaging:23.4.0] AndroidManifest.xml:33:13-35:29
267                <action android:name="com.google.android.c2dm.intent.RECEIVE" />
267-->[com.google.firebase:firebase-messaging:23.4.0] AndroidManifest.xml:34:17-81
267-->[com.google.firebase:firebase-messaging:23.4.0] AndroidManifest.xml:34:25-78
268            </intent-filter>
269
270            <meta-data
270-->[com.google.firebase:firebase-messaging:23.4.0] AndroidManifest.xml:37:13-39:40
271                android:name="com.google.android.gms.cloudmessaging.FINISHED_AFTER_HANDLED"
271-->[com.google.firebase:firebase-messaging:23.4.0] AndroidManifest.xml:38:17-92
272                android:value="true" />
272-->[com.google.firebase:firebase-messaging:23.4.0] AndroidManifest.xml:39:17-37
273        </receiver>
274        <!--
275             FirebaseMessagingService performs security checks at runtime,
276             but set to not exported to explicitly avoid allowing another app to call it.
277        -->
278        <service
278-->[com.google.firebase:firebase-messaging:23.4.0] AndroidManifest.xml:46:9-53:19
279            android:name="com.google.firebase.messaging.FirebaseMessagingService"
279-->[com.google.firebase:firebase-messaging:23.4.0] AndroidManifest.xml:47:13-82
280            android:directBootAware="true"
280-->[com.google.firebase:firebase-messaging:23.4.0] AndroidManifest.xml:48:13-43
281            android:exported="false" >
281-->[com.google.firebase:firebase-messaging:23.4.0] AndroidManifest.xml:49:13-37
282            <intent-filter android:priority="-500" >
282-->src\main\AndroidManifest.xml:144:13-146:29
283                <action android:name="com.google.firebase.MESSAGING_EVENT" />
283-->src\main\AndroidManifest.xml:145:17-78
283-->src\main\AndroidManifest.xml:145:25-75
284            </intent-filter>
285        </service>
286
287        <activity
287-->[com.google.android.gms:play-services-base:18.1.0] AndroidManifest.xml:20:9-22:45
288            android:name="com.google.android.gms.common.api.GoogleApiActivity"
288-->[com.google.android.gms:play-services-base:18.1.0] AndroidManifest.xml:20:19-85
289            android:exported="false"
289-->[com.google.android.gms:play-services-base:18.1.0] AndroidManifest.xml:22:19-43
290            android:theme="@android:style/Theme.Translucent.NoTitleBar" />
290-->[com.google.android.gms:play-services-base:18.1.0] AndroidManifest.xml:21:19-78
291
292        <property
292-->[com.google.android.gms:play-services-measurement-api:21.5.0] AndroidManifest.xml:30:9-32:61
293            android:name="android.adservices.AD_SERVICES_CONFIG"
293-->[com.google.android.gms:play-services-measurement-api:21.5.0] AndroidManifest.xml:31:13-65
294            android:resource="@xml/ga_ad_services_config" />
294-->[com.google.android.gms:play-services-measurement-api:21.5.0] AndroidManifest.xml:32:13-58
295
296        <provider
296-->[com.google.firebase:firebase-common:20.4.2] AndroidManifest.xml:23:9-28:39
297            android:name="com.google.firebase.provider.FirebaseInitProvider"
297-->[com.google.firebase:firebase-common:20.4.2] AndroidManifest.xml:24:13-77
298            android:authorities="com.rendly.app.firebaseinitprovider"
298-->[com.google.firebase:firebase-common:20.4.2] AndroidManifest.xml:25:13-72
299            android:directBootAware="true"